{"name":"login_Full_Access","status":"failed","statusDetails":{"known":false,"muted":false,"flaky":false,"message":"An element could not be located on the page using the given search parameters.\nFor documentation on this error, please visit: https://www.seleniumhq.org/exceptions/no_such_element.html\nBuild info: version: '3.141.59', revision: 'e82be7d358', time: '2018-11-14T08:17:03'\nSystem info: host: 'KHILT-7757', ip: '192.168.8.114', os.name: 'Windows 10', os.arch: 'amd64', os.version: '10.0', java.version: '1.8.0_291'\nDriver info: io.appium.java_client.AppiumDriver\nCapabilities {appActivity: sa.com.stc.MyBusiness.MainA..., appPackage: sa.com.stc.MyBusiness, automationName: UIAutomator2, databaseEnabled: false, desired: {appActivity: sa.com.stc.MyBusiness.MainA..., appPackage: sa.com.stc.MyBusiness, automationName: UIAutomator2, newCommandTimeout: 1000, noReset: false, platformName: android}, deviceApiLevel: 29, deviceManufacturer: samsung, deviceModel: SM-A125F, deviceName: R58NC2CR3JF, deviceScreenDensity: 300, deviceScreenSize: 720x1600, deviceUDID: R58NC2CR3JF, javascriptEnabled: true, locationContextEnabled: false, networkConnectionEnabled: true, newCommandTimeout: 1000, noReset: false, pixelRatio: 1.875, platform: LINUX, platformName: android, platformVersion: 10, statBarHeight: 45, takesScreenshot: true, viewportRect: {height: 1420, left: 0, top: 45, width: 720}, warnings: {}, webStorageEnabled: false}\nSession ID: 07f313f3-59a8-4632-931c-7c6fc663d035\n*** Element info: {Using=xpath, value=//*[@text='Enter OTP']//*[@class='android.widget.EditText']}","trace":"java.lang.AssertionError: An element could not be located on the page using the given search parameters.\nFor documentation on this error, please visit: https://www.seleniumhq.org/exceptions/no_such_element.html\nBuild info: version: '3.141.59', revision: 'e82be7d358', time: '2018-11-14T08:17:03'\nSystem info: host: 'KHILT-7757', ip: '192.168.8.114', os.name: 'Windows 10', os.arch: 'amd64', os.version: '10.0', java.version: '1.8.0_291'\nDriver info: io.appium.java_client.AppiumDriver\nCapabilities {appActivity: sa.com.stc.MyBusiness.MainA..., appPackage: sa.com.stc.MyBusiness, automationName: UIAutomator2, databaseEnabled: false, desired: {appActivity: sa.com.stc.MyBusiness.MainA..., appPackage: sa.com.stc.MyBusiness, automationName: UIAutomator2, newCommandTimeout: 1000, noReset: false, platformName: android}, deviceApiLevel: 29, deviceManufacturer: samsung, deviceModel: SM-A125F, deviceName: R58NC2CR3JF, deviceScreenDensity: 300, deviceScreenSize: 720x1600, deviceUDID: R58NC2CR3JF, javascriptEnabled: true, locationContextEnabled: false, networkConnectionEnabled: true, newCommandTimeout: 1000, noReset: false, pixelRatio: 1.875, platform: LINUX, platformName: android, platformVersion: 10, statBarHeight: 45, takesScreenshot: true, viewportRect: {height: 1420, left: 0, top: 45, width: 720}, warnings: {}, webStorageEnabled: false}\nSession ID: 07f313f3-59a8-4632-931c-7c6fc663d035\n*** Element info: {Using=xpath, value=//*[@text='Enter OTP']//*[@class='android.widget.EditText']}\r\n\tat org.testng.Assert.fail(Assert.java:99)\r\n\tat org.systems.businessLayer.implementation.login_App_FullAccess(implementation.java:58)\r\n\tat org.systems.testExecution.smokeTest.login_Full_Access(smokeTest.java:36)\r\n\tat sun.reflect.NativeMethodAccessorImpl.invoke0(Native Method)\r\n\tat sun.reflect.NativeMethodAccessorImpl.invoke(NativeMethodAccessorImpl.java:62)\r\n\tat sun.reflect.DelegatingMethodAccessorImpl.invoke(DelegatingMethodAccessorImpl.java:43)\r\n\tat java.lang.reflect.Method.invoke(Method.java:498)\r\n\tat org.testng.internal.MethodInvocationHelper.invokeMethod(MethodInvocationHelper.java:132)\r\n\tat org.testng.internal.TestInvoker.invokeMethod(TestInvoker.java:599)\r\n\tat org.testng.internal.TestInvoker.invokeTestMethod(TestInvoker.java:174)\r\n\tat org.testng.internal.MethodRunner.runInSequence(MethodRunner.java:46)\r\n\tat org.testng.internal.TestInvoker$MethodInvocationAgent.invoke(TestInvoker.java:822)\r\n\tat org.testng.internal.TestInvoker.invokeTestMethods(TestInvoker.java:147)\r\n\tat org.testng.internal.TestMethodWorker.invokeTestMethods(TestMethodWorker.java:146)\r\n\tat org.testng.internal.TestMethodWorker.run(TestMethodWorker.java:128)\r\n\tat java.util.ArrayList.forEach(ArrayList.java:1259)\r\n\tat org.testng.TestRunner.privateRun(TestRunner.java:764)\r\n\tat org.testng.TestRunner.run(TestRunner.java:585)\r\n\tat org.testng.SuiteRunner.runTest(SuiteRunner.java:384)\r\n\tat org.testng.SuiteRunner.runSequentially(SuiteRunner.java:378)\r\n\tat org.testng.SuiteRunner.privateRun(SuiteRunner.java:337)\r\n\tat org.testng.SuiteRunner.run(SuiteRunner.java:286)\r\n\tat org.testng.SuiteRunnerWorker.runSuite(SuiteRunnerWorker.java:53)\r\n\tat org.testng.SuiteRunnerWorker.run(SuiteRunnerWorker.java:96)\r\n\tat org.testng.TestNG.runSuitesSequentially(TestNG.java:1218)\r\n\tat org.testng.TestNG.runSuitesLocally(TestNG.java:1140)\r\n\tat org.testng.TestNG.runSuites(TestNG.java:1069)\r\n\tat org.testng.TestNG.run(TestNG.java:1037)\r\n\tat com.intellij.rt.testng.IDEARemoteTestNG.run(IDEARemoteTestNG.java:66)\r\n\tat com.intellij.rt.testng.RemoteTestNGStarter.main(RemoteTestNGStarter.java:109)\r\n"},"stage":"finished","description":"Etisalat application login","steps":[{"name":"Login method executes here","status":"failed","statusDetails":{"known":false,"muted":false,"flaky":false,"message":"An element could not be located on the page using the given search parameters.\nFor documentation on this error, please visit: https://www.seleniumhq.org/exceptions/no_such_element.html\nBuild info: version: '3.141.59', revision: 'e82be7d358', time: '2018-11-14T08:17:03'\nSystem info: host: 'KHILT-7757', ip: '192.168.8.114', os.name: 'Windows 10', os.arch: 'amd64', os.version: '10.0', java.version: '1.8.0_291'\nDriver info: io.appium.java_client.AppiumDriver\nCapabilities {appActivity: sa.com.stc.MyBusiness.MainA..., appPackage: sa.com.stc.MyBusiness, automationName: UIAutomator2, databaseEnabled: false, desired: {appActivity: sa.com.stc.MyBusiness.MainA..., appPackage: sa.com.stc.MyBusiness, automationName: UIAutomator2, newCommandTimeout: 1000, noReset: false, platformName: android}, deviceApiLevel: 29, deviceManufacturer: samsung, deviceModel: SM-A125F, deviceName: R58NC2CR3JF, deviceScreenDensity: 300, deviceScreenSize: 720x1600, deviceUDID: R58NC2CR3JF, javascriptEnabled: true, locationContextEnabled: false, networkConnectionEnabled: true, newCommandTimeout: 1000, noReset: false, pixelRatio: 1.875, platform: LINUX, platformName: android, platformVersion: 10, statBarHeight: 45, takesScreenshot: true, viewportRect: {height: 1420, left: 0, top: 45, width: 720}, warnings: {}, webStorageEnabled: false}\nSession ID: 07f313f3-59a8-4632-931c-7c6fc663d035\n*** Element info: {Using=xpath, value=//*[@text='Enter OTP']//*[@class='android.widget.EditText']}","trace":"java.lang.AssertionError: An element could not be located on the page using the given search parameters.\nFor documentation on this error, please visit: https://www.seleniumhq.org/exceptions/no_such_element.html\nBuild info: version: '3.141.59', revision: 'e82be7d358', time: '2018-11-14T08:17:03'\nSystem info: host: 'KHILT-7757', ip: '192.168.8.114', os.name: 'Windows 10', os.arch: 'amd64', os.version: '10.0', java.version: '1.8.0_291'\nDriver info: io.appium.java_client.AppiumDriver\nCapabilities {appActivity: sa.com.stc.MyBusiness.MainA..., appPackage: sa.com.stc.MyBusiness, automationName: UIAutomator2, databaseEnabled: false, desired: {appActivity: sa.com.stc.MyBusiness.MainA..., appPackage: sa.com.stc.MyBusiness, automationName: UIAutomator2, newCommandTimeout: 1000, noReset: false, platformName: android}, deviceApiLevel: 29, deviceManufacturer: samsung, deviceModel: SM-A125F, deviceName: R58NC2CR3JF, deviceScreenDensity: 300, deviceScreenSize: 720x1600, deviceUDID: R58NC2CR3JF, javascriptEnabled: true, locationContextEnabled: false, networkConnectionEnabled: true, newCommandTimeout: 1000, noReset: false, pixelRatio: 1.875, platform: LINUX, platformName: android, platformVersion: 10, statBarHeight: 45, takesScreenshot: true, viewportRect: {height: 1420, left: 0, top: 45, width: 720}, warnings: {}, webStorageEnabled: false}\nSession ID: 07f313f3-59a8-4632-931c-7c6fc663d035\n*** Element info: {Using=xpath, value=//*[@text='Enter OTP']//*[@class='android.widget.EditText']}\r\n\tat org.testng.Assert.fail(Assert.java:99)\r\n\tat org.systems.businessLayer.implementation.login_App_FullAccess(implementation.java:58)\r\n\tat org.systems.testExecution.smokeTest.login_Full_Access(smokeTest.java:36)\r\n\tat sun.reflect.NativeMethodAccessorImpl.invoke0(Native Method)\r\n\tat sun.reflect.NativeMethodAccessorImpl.invoke(NativeMethodAccessorImpl.java:62)\r\n\tat sun.reflect.DelegatingMethodAccessorImpl.invoke(DelegatingMethodAccessorImpl.java:43)\r\n\tat java.lang.reflect.Method.invoke(Method.java:498)\r\n\tat org.testng.internal.MethodInvocationHelper.invokeMethod(MethodInvocationHelper.java:132)\r\n\tat org.testng.internal.TestInvoker.invokeMethod(TestInvoker.java:599)\r\n\tat org.testng.internal.TestInvoker.invokeTestMethod(TestInvoker.java:174)\r\n\tat org.testng.internal.MethodRunner.runInSequence(MethodRunner.java:46)\r\n\tat org.testng.internal.TestInvoker$MethodInvocationAgent.invoke(TestInvoker.java:822)\r\n\tat org.testng.internal.TestInvoker.invokeTestMethods(TestInvoker.java:147)\r\n\tat org.testng.internal.TestMethodWorker.invokeTestMethods(TestMethodWorker.java:146)\r\n\tat org.testng.internal.TestMethodWorker.run(TestMethodWorker.java:128)\r\n\tat java.util.ArrayList.forEach(ArrayList.java:1259)\r\n\tat org.testng.TestRunner.privateRun(TestRunner.java:764)\r\n\tat org.testng.TestRunner.run(TestRunner.java:585)\r\n\tat org.testng.SuiteRunner.runTest(SuiteRunner.java:384)\r\n\tat org.testng.SuiteRunner.runSequentially(SuiteRunner.java:378)\r\n\tat org.testng.SuiteRunner.privateRun(SuiteRunner.java:337)\r\n\tat org.testng.SuiteRunner.run(SuiteRunner.java:286)\r\n\tat org.testng.SuiteRunnerWorker.runSuite(SuiteRunnerWorker.java:53)\r\n\tat org.testng.SuiteRunnerWorker.run(SuiteRunnerWorker.java:96)\r\n\tat org.testng.TestNG.runSuitesSequentially(TestNG.java:1218)\r\n\tat org.testng.TestNG.runSuitesLocally(TestNG.java:1140)\r\n\tat org.testng.TestNG.runSuites(TestNG.java:1069)\r\n\tat org.testng.TestNG.run(TestNG.java:1037)\r\n\tat com.intellij.rt.testng.IDEARemoteTestNG.run(IDEARemoteTestNG.java:66)\r\n\tat com.intellij.rt.testng.RemoteTestNGStarter.main(RemoteTestNGStarter.java:109)\r\n"},"stage":"finished","steps":[],"attachments":[],"parameters":[{"name":"username","value":"Aisha1008"},{"name":"password","value":"s12345678"},{"name":"OtpCode","value":"1234"}],"start":1624952024671,"stop":1624952110292}],"attachments":[{"name":"Page screenshot","source":"0c98be6f-ebee-4425-be2a-92452890d91c-attachment","type":"image/png"},{"name":"login_Full_Access failed and screenshot taken!","source":"0b3815cf-b74c-4025-bae9-5e5cf105cc44-attachment","type":"text/plain"}],"parameters":[],"start":1624952024655,"stop":1624952112256,"uuid":"d6019dcb-1126-4c2c-bb4c-97df365aa2a0","historyId":"954b40f2e264cfaf85a757d81103dd2a","fullName":"org.systems.testExecution.smokeTest.login_Full_Access","labels":[{"name":"package","value":"org.systems.testExecution.smokeTest"},{"name":"testClass","value":"org.systems.testExecution.smokeTest"},{"name":"testMethod","value":"login_Full_Access"},{"name":"parentSuite","value":"Default Suite"},{"name":"suite","value":"FrameworkDesign"},{"name":"subSuite","value":"org.systems.testExecution.smokeTest"},{"name":"host","value":"Khilt-7757"},{"name":"thread","value":"11460@Khilt-7757.main(1)"},{"name":"framework","value":"testng"},{"name":"language","value":"java"},{"name":"story","value":"Login Application"},{"name":"epic","value":"Login-Epic"},{"name":"feature","value":"Login Feature"},{"name":"severity","value":"normal"}],"links":[]}