<!DOCTYPE html PUBLIC "-//W3C//DTD XHTML 1.1//EN" "https://www.w3.org/TR/xhtml11/DTD/xhtml11.dtd">
<html xmlns="https://www.w3.org/1999/xhtml">
<head>
<meta http-equiv="content-type" content="text/html; charset=UTF-8"/>
<title>TestNG Report</title>
<style type="text/css">table {margin-bottom:10px;border-collapse:collapse;empty-cells:show}th,td {border:1px solid #009;padding:.25em .5em}th {vertical-align:bottom}td {vertical-align:top}table a {font-weight:bold}.stripe td {background-color: #E6EBF9}.num {text-align:right}.passedodd td {background-color: #3F3}.passedeven td {background-color: #0A0}.skippedodd td {background-color: #DDD}.skippedeven td {background-color: #CCC}.failedodd td,.attn {background-color: #F33}.failedeven td,.stripe .attn {background-color: #D00}.stacktrace {white-space:pre;font-family:monospace}.totop {font-size:85%;text-align:center;border-bottom:2px solid #000}.invisible {display:none}</style>
</head>
<body>
<table>
<tr><th>Test</th><th># Passed</th><th># Skipped</th><th># Retried</th><th># Failed</th><th>Time (ms)</th><th>Included Groups</th><th>Excluded Groups</th></tr>
<tr><th colspan="8">Regression Suite</th></tr>
<tr><td><a href="#t0">Regression Cases</a></td><td class="num">0</td><td class="num">0</td><td class="num">0</td><td class="num attn">2</td><td class="num">172,266</td><td></td><td></td></tr>
</table>
<table id='summary'><thead><tr><th>Class</th><th>Method</th><th>Start</th><th>Time (ms)</th></tr></thead><tbody><tr><th colspan="4">Regression Suite</th></tr></tbody><tbody id="t0"><tr><th colspan="4">Regression Cases &#8212; failed</th></tr><tr class="failedeven"><td rowspan="2">org.systems.testExecution.mainRegressionExecution</td><td><a href="#m0">login_Full_Access</a></td><td rowspan="1">1624196889242</td><td rowspan="1">101966</td></tr><tr class="failedeven"><td><a href="#m1">navigate_Support</a></td><td rowspan="1">1624196991351</td><td rowspan="1">70126</td></tr></tbody>
</table>
<h2>Regression Cases</h2><h3 id="m0">org.systems.testExecution.mainRegressionExecution#login_Full_Access</h3><table class="result"><tr><th>Exception</th></tr><tr><td><div class="stacktrace">java.lang.AssertionError: An element could not be located on the page using the given search parameters.
For documentation on this error, please visit: https://www.seleniumhq.org/exceptions/no_such_element.html
Build info: version: &apos;3.141.59&apos;, revision: &apos;e82be7d358&apos;, time: &apos;2018-11-14T08:17:03&apos;
System info: host: &apos;KHILT-7757&apos;, ip: &apos;192.168.8.114&apos;, os.name: &apos;Windows 10&apos;, os.arch: &apos;amd64&apos;, os.version: &apos;10.0&apos;, java.version: &apos;1.8.0_291&apos;
Driver info: io.appium.java_client.AppiumDriver
Capabilities {appActivity: com.etisalat.etida.home.act..., appPackage: com.Etisalat.ETIDA, automationName: UIAutomator2, databaseEnabled: false, desired: {appActivity: com.etisalat.etida.home.act..., appPackage: com.Etisalat.ETIDA, automationName: UIAutomator2, noReset: false, platformName: android}, deviceApiLevel: 29, deviceManufacturer: samsung, deviceModel: SM-A125F, deviceName: R58NC2CR3JF, deviceScreenDensity: 300, deviceScreenSize: 720x1600, deviceUDID: R58NC2CR3JF, javascriptEnabled: true, locationContextEnabled: false, networkConnectionEnabled: true, noReset: false, pixelRatio: 1.875, platform: LINUX, platformName: android, platformVersion: 10, statBarHeight: 45, takesScreenshot: true, viewportRect: {height: 1420, left: 0, top: 45, width: 720}, warnings: {}, webStorageEnabled: false}
Session ID: dc2c9949-1480-4f94-820b-8c163d621e0d
*** Element info: {Using=-android uiautomator, value=text(&quot;Cloe&quot;)}
	at org.systems.businessLayer.implementation.login_App_FullAccess(implementation.java:55)
	at org.systems.testExecution.mainRegressionExecution.login_Full_Access(mainRegressionExecution.java:35)
	at java.util.ArrayList.forEach(ArrayList.java:1259)
... Removed 32 stack frames</div></td></tr></table><p class="totop"><a href="#summary">back to summary</a></p>
<h3 id="m1">org.systems.testExecution.mainRegressionExecution#navigate_Support</h3><table class="result"><tr><th>Exception</th></tr><tr><td><div class="stacktrace">java.lang.AssertionError: An element could not be located on the page using the given search parameters.
For documentation on this error, please visit: https://www.seleniumhq.org/exceptions/no_such_element.html
Build info: version: &apos;3.141.59&apos;, revision: &apos;e82be7d358&apos;, time: &apos;2018-11-14T08:17:03&apos;
System info: host: &apos;KHILT-7757&apos;, ip: &apos;192.168.8.114&apos;, os.name: &apos;Windows 10&apos;, os.arch: &apos;amd64&apos;, os.version: &apos;10.0&apos;, java.version: &apos;1.8.0_291&apos;
Driver info: io.appium.java_client.AppiumDriver
Capabilities {appActivity: com.etisalat.etida.home.act..., appPackage: com.Etisalat.ETIDA, automationName: UIAutomator2, databaseEnabled: false, desired: {appActivity: com.etisalat.etida.home.act..., appPackage: com.Etisalat.ETIDA, automationName: UIAutomator2, noReset: false, platformName: android}, deviceApiLevel: 29, deviceManufacturer: samsung, deviceModel: SM-A125F, deviceName: R58NC2CR3JF, deviceScreenDensity: 300, deviceScreenSize: 720x1600, deviceUDID: R58NC2CR3JF, javascriptEnabled: true, locationContextEnabled: false, networkConnectionEnabled: true, noReset: false, pixelRatio: 1.875, platform: LINUX, platformName: android, platformVersion: 10, statBarHeight: 45, takesScreenshot: true, viewportRect: {height: 1420, left: 0, top: 45, width: 720}, warnings: {}, webStorageEnabled: false}
Session ID: dc2c9949-1480-4f94-820b-8c163d621e0d
*** Element info: {Using=-android uiautomator, value=text(&quot;Support&quot;)}
	at org.systems.businessLayer.implementation.navigate_SupportPage(implementation.java:67)
	at org.systems.testExecution.mainRegressionExecution.navigate_Support(mainRegressionExecution.java:48)
	at java.util.ArrayList.forEach(ArrayList.java:1259)
... Removed 32 stack frames</div></td></tr></table><p class="totop"><a href="#summary">back to summary</a></p>
</body>
</html>
